{"C:\\Users\\glamb\\OneDrive\\Рабочий стол\\constructor-calculator\\src\\shared\\constants\\AppMode.const.ts": {"path":"C:\\Users\\glamb\\OneDrive\\Рабочий стол\\constructor-calculator\\src\\shared\\constants\\AppMode.const.ts","statementMap":{},"fnMap":{},"branchMap":{},"s":{},"f":{},"b":{},"_coverageSchema":"1a1c01bbd47fc00a2c39e90264f33305004495a9","hash":"9721c0f049b9ebdbdea0e222f64c92697e25689b"}
,"C:\\Users\\glamb\\OneDrive\\Рабочий стол\\constructor-calculator\\src\\shared\\constants\\DndTypes.const.ts": {"path":"C:\\Users\\glamb\\OneDrive\\Рабочий стол\\constructor-calculator\\src\\shared\\constants\\DndTypes.const.ts","statementMap":{},"fnMap":{},"branchMap":{},"s":{},"f":{},"b":{},"_coverageSchema":"1a1c01bbd47fc00a2c39e90264f33305004495a9","hash":"08dc9a311a506941ea8c0d5d99282e08ac5d24b7"}
,"C:\\Users\\glamb\\OneDrive\\Рабочий стол\\constructor-calculator\\src\\shared\\constants\\Operators.const.ts": {"path":"C:\\Users\\glamb\\OneDrive\\Рабочий стол\\constructor-calculator\\src\\shared\\constants\\Operators.const.ts","statementMap":{},"fnMap":{},"branchMap":{},"s":{},"f":{},"b":{},"_coverageSchema":"1a1c01bbd47fc00a2c39e90264f33305004495a9","hash":"c776839f7ae1cb1940779192761b734046d61a8b"}
,"C:\\Users\\glamb\\OneDrive\\Рабочий стол\\constructor-calculator\\src\\shared\\constants\\index.ts": {"path":"C:\\Users\\glamb\\OneDrive\\Рабочий стол\\constructor-calculator\\src\\shared\\constants\\index.ts","statementMap":{},"fnMap":{},"branchMap":{},"s":{},"f":{},"b":{},"_coverageSchema":"1a1c01bbd47fc00a2c39e90264f33305004495a9","hash":"4042c5b15ab787811994717b8c2593b59d0d6cf9"}
,"C:\\Users\\glamb\\OneDrive\\Рабочий стол\\constructor-calculator\\src\\shared\\utils\\calculator-operations\\calculatorOperations.ts": {"path":"C:\\Users\\glamb\\OneDrive\\Рабочий стол\\constructor-calculator\\src\\shared\\utils\\calculator-operations\\calculatorOperations.ts","statementMap":{"0":{"start":{"line":3,"column":36},"end":{"line":16,"column":1}},"1":{"start":{"line":5,"column":4},"end":{"line":7,"column":5}},"2":{"start":{"line":6,"column":6},"end":{"line":6,"column":52}},"3":{"start":{"line":8,"column":4},"end":{"line":8,"column":33}},"4":{"start":{"line":11,"column":4},"end":{"line":11,"column":25}},"5":{"start":{"line":13,"column":4},"end":{"line":13,"column":25}},"6":{"start":{"line":15,"column":4},"end":{"line":15,"column":25}}},"fnMap":{"0":{"name":"(anonymous_0)","decl":{"start":{"line":4,"column":28},"end":{"line":4,"column":29}},"loc":{"start":{"line":4,"column":70},"end":{"line":9,"column":3}},"line":4},"1":{"name":"(anonymous_1)","decl":{"start":{"line":10,"column":28},"end":{"line":10,"column":29}},"loc":{"start":{"line":11,"column":4},"end":{"line":11,"column":25}},"line":11},"2":{"name":"(anonymous_2)","decl":{"start":{"line":12,"column":24},"end":{"line":12,"column":25}},"loc":{"start":{"line":13,"column":4},"end":{"line":13,"column":25}},"line":13},"3":{"name":"(anonymous_3)","decl":{"start":{"line":14,"column":25},"end":{"line":14,"column":26}},"loc":{"start":{"line":15,"column":4},"end":{"line":15,"column":25}},"line":15}},"branchMap":{"0":{"loc":{"start":{"line":5,"column":4},"end":{"line":7,"column":5}},"type":"if","locations":[{"start":{"line":5,"column":4},"end":{"line":7,"column":5}},{"start":{},"end":{}}],"line":5}},"s":{"0":1,"1":0,"2":0,"3":0,"4":0,"5":1,"6":0},"f":{"0":0,"1":0,"2":1,"3":0},"b":{"0":[0,0]},"_coverageSchema":"1a1c01bbd47fc00a2c39e90264f33305004495a9","hash":"f1572200f63e1763f6d921ed58a2a59f0088b1eb"}
,"C:\\Users\\glamb\\OneDrive\\Рабочий стол\\constructor-calculator\\src\\shared\\utils\\get-fixed-number\\getFixedNumber.ts": {"path":"C:\\Users\\glamb\\OneDrive\\Рабочий стол\\constructor-calculator\\src\\shared\\utils\\get-fixed-number\\getFixedNumber.ts","statementMap":{"0":{"start":{"line":1,"column":30},"end":{"line":2,"column":76}},"1":{"start":{"line":2,"column":2},"end":{"line":2,"column":76}}},"fnMap":{"0":{"name":"(anonymous_0)","decl":{"start":{"line":1,"column":30},"end":{"line":1,"column":31}},"loc":{"start":{"line":2,"column":2},"end":{"line":2,"column":76}},"line":2}},"branchMap":{},"s":{"0":1,"1":1},"f":{"0":1},"b":{},"_coverageSchema":"1a1c01bbd47fc00a2c39e90264f33305004495a9","hash":"d503d38ee7ac6b441ec3e27571cdc1749fda7657"}
,"C:\\Users\\glamb\\OneDrive\\Рабочий стол\\constructor-calculator\\src\\shared\\utils\\get-value-with-comma\\getValueWithComma.ts": {"path":"C:\\Users\\glamb\\OneDrive\\Рабочий стол\\constructor-calculator\\src\\shared\\utils\\get-value-with-comma\\getValueWithComma.ts","statementMap":{"0":{"start":{"line":1,"column":33},"end":{"line":2,"column":38}},"1":{"start":{"line":2,"column":2},"end":{"line":2,"column":38}}},"fnMap":{"0":{"name":"(anonymous_0)","decl":{"start":{"line":1,"column":33},"end":{"line":1,"column":34}},"loc":{"start":{"line":2,"column":2},"end":{"line":2,"column":38}},"line":2}},"branchMap":{},"s":{"0":1,"1":1},"f":{"0":1},"b":{},"_coverageSchema":"1a1c01bbd47fc00a2c39e90264f33305004495a9","hash":"90c5b71cd8bd9abe987685788677cf41a9f877d8"}
,"C:\\Users\\glamb\\OneDrive\\Рабочий стол\\constructor-calculator\\src\\shared\\utils\\is-zero-division\\isZeroDivision.ts": {"path":"C:\\Users\\glamb\\OneDrive\\Рабочий стол\\constructor-calculator\\src\\shared\\utils\\is-zero-division\\isZeroDivision.ts","statementMap":{"0":{"start":{"line":3,"column":30},"end":{"line":12,"column":1}},"1":{"start":{"line":8,"column":2},"end":{"line":11,"column":4}}},"fnMap":{"0":{"name":"(anonymous_0)","decl":{"start":{"line":3,"column":30},"end":{"line":3,"column":31}},"loc":{"start":{"line":7,"column":5},"end":{"line":12,"column":1}},"line":7}},"branchMap":{"0":{"loc":{"start":{"line":9,"column":4},"end":{"line":10,"column":47}},"type":"binary-expr","locations":[{"start":{"line":9,"column":4},"end":{"line":9,"column":39}},{"start":{"line":10,"column":5},"end":{"line":10,"column":23}},{"start":{"line":10,"column":27},"end":{"line":10,"column":46}}],"line":9}},"s":{"0":1,"1":1},"f":{"0":1},"b":{"0":[1,0,0]},"_coverageSchema":"1a1c01bbd47fc00a2c39e90264f33305004495a9","hash":"68fc048b99758553318762b32e2a72c07fbe8dfa"}
,"C:\\Users\\glamb\\OneDrive\\Рабочий стол\\constructor-calculator\\src\\store\\slices\\calculator\\calculator.slice.ts": {"path":"C:\\Users\\glamb\\OneDrive\\Рабочий стол\\constructor-calculator\\src\\store\\slices\\calculator\\calculator.slice.ts","statementMap":{"0":{"start":{"line":9,"column":39},"end":{"line":16,"column":1}},"1":{"start":{"line":18,"column":34},"end":{"line":18,"column":50}},"2":{"start":{"line":20,"column":24},"end":{"line":64,"column":2}},"3":{"start":{"line":25,"column":56},"end":{"line":25,"column":61}},"4":{"start":{"line":26,"column":6},"end":{"line":53,"column":7}},"5":{"start":{"line":29,"column":8},"end":{"line":29,"column":33}},"6":{"start":{"line":30,"column":13},"end":{"line":53,"column":7}},"7":{"start":{"line":32,"column":28},"end":{"line":35,"column":9}},"8":{"start":{"line":36,"column":8},"end":{"line":48,"column":9}},"9":{"start":{"line":37,"column":10},"end":{"line":37,"column":49}},"10":{"start":{"line":38,"column":10},"end":{"line":38,"column":33}},"11":{"start":{"line":39,"column":10},"end":{"line":39,"column":37}},"12":{"start":{"line":40,"column":10},"end":{"line":40,"column":30}},"13":{"start":{"line":41,"column":10},"end":{"line":41,"column":32}},"14":{"start":{"line":43,"column":10},"end":{"line":43,"column":53}},"15":{"start":{"line":44,"column":10},"end":{"line":44,"column":44}},"16":{"start":{"line":45,"column":10},"end":{"line":45,"column":37}},"17":{"start":{"line":46,"column":10},"end":{"line":46,"column":62}},"18":{"start":{"line":47,"column":10},"end":{"line":47,"column":35}},"19":{"start":{"line":49,"column":8},"end":{"line":49,"column":40}},"20":{"start":{"line":52,"column":8},"end":{"line":52,"column":33}},"21":{"start":{"line":56,"column":6},"end":{"line":56,"column":30}},"22":{"start":{"line":57,"column":6},"end":{"line":57,"column":28}},"23":{"start":{"line":58,"column":6},"end":{"line":58,"column":26}},"24":{"start":{"line":59,"column":6},"end":{"line":59,"column":29}},"25":{"start":{"line":60,"column":6},"end":{"line":60,"column":33}},"26":{"start":{"line":61,"column":6},"end":{"line":61,"column":38}},"27":{"start":{"line":67,"column":2},"end":{"line":67,"column":17}}},"fnMap":{"0":{"name":"(anonymous_0)","decl":{"start":{"line":24,"column":17},"end":{"line":24,"column":18}},"loc":{"start":{"line":24,"column":71},"end":{"line":54,"column":5}},"line":24},"1":{"name":"(anonymous_1)","decl":{"start":{"line":55,"column":11},"end":{"line":55,"column":12}},"loc":{"start":{"line":55,"column":20},"end":{"line":62,"column":5}},"line":55}},"branchMap":{"0":{"loc":{"start":{"line":26,"column":6},"end":{"line":53,"column":7}},"type":"if","locations":[{"start":{"line":26,"column":6},"end":{"line":53,"column":7}},{"start":{"line":30,"column":13},"end":{"line":53,"column":7}}],"line":26},"1":{"loc":{"start":{"line":26,"column":10},"end":{"line":26,"column":44}},"type":"binary-expr","locations":[{"start":{"line":26,"column":10},"end":{"line":26,"column":18}},{"start":{"line":26,"column":22},"end":{"line":26,"column":44}}],"line":26},"2":{"loc":{"start":{"line":30,"column":13},"end":{"line":53,"column":7}},"type":"if","locations":[{"start":{"line":30,"column":13},"end":{"line":53,"column":7}},{"start":{"line":50,"column":13},"end":{"line":53,"column":7}}],"line":30},"3":{"loc":{"start":{"line":30,"column":17},"end":{"line":30,"column":51}},"type":"binary-expr","locations":[{"start":{"line":30,"column":17},"end":{"line":30,"column":25}},{"start":{"line":30,"column":29},"end":{"line":30,"column":51}}],"line":30},"4":{"loc":{"start":{"line":36,"column":8},"end":{"line":48,"column":9}},"type":"if","locations":[{"start":{"line":36,"column":8},"end":{"line":48,"column":9}},{"start":{"line":42,"column":15},"end":{"line":48,"column":9}}],"line":36}},"s":{"0":1,"1":1,"2":1,"3":1,"4":1,"5":0,"6":1,"7":1,"8":1,"9":0,"10":0,"11":0,"12":0,"13":0,"14":1,"15":1,"16":1,"17":1,"18":1,"19":1,"20":0,"21":0,"22":0,"23":0,"24":0,"25":0,"26":0,"27":1},"f":{"0":1,"1":0},"b":{"0":[0,1],"1":[1,1],"2":[1,0],"3":[1,1],"4":[0,1]},"_coverageSchema":"1a1c01bbd47fc00a2c39e90264f33305004495a9","hash":"df06c0ea39edade86381f3fc28de36424bdc0f9a"}
}
