TN:
SF:src\shared\constants\AppMode.const.ts
FNF:0
FNH:0
LF:0
LH:0
BRF:0
BRH:0
end_of_record
TN:
SF:src\shared\constants\DndTypes.const.ts
FNF:0
FNH:0
LF:0
LH:0
BRF:0
BRH:0
end_of_record
TN:
SF:src\shared\constants\Operators.const.ts
FNF:0
FNH:0
LF:0
LH:0
BRF:0
BRH:0
end_of_record
TN:
SF:src\shared\constants\index.ts
FNF:0
FNH:0
LF:0
LH:0
BRF:0
BRH:0
end_of_record
TN:
SF:src\shared\utils\calculator-operations\calculatorOperations.ts
FN:4,(anonymous_0)
FN:10,(anonymous_1)
FN:12,(anonymous_2)
FN:14,(anonymous_3)
FNF:4
FNH:1
FNDA:0,(anonymous_0)
FNDA:0,(anonymous_1)
FNDA:1,(anonymous_2)
FNDA:0,(anonymous_3)
DA:3,1
DA:5,0
DA:6,0
DA:8,0
DA:11,0
DA:13,1
DA:15,0
LF:7
LH:2
BRDA:5,0,0,0
BRDA:5,0,1,0
BRF:2
BRH:0
end_of_record
TN:
SF:src\shared\utils\get-fixed-number\getFixedNumber.ts
FN:1,(anonymous_0)
FNF:1
FNH:1
FNDA:1,(anonymous_0)
DA:1,1
DA:2,1
LF:2
LH:2
BRF:0
BRH:0
end_of_record
TN:
SF:src\shared\utils\get-value-with-comma\getValueWithComma.ts
FN:1,(anonymous_0)
FNF:1
FNH:1
FNDA:1,(anonymous_0)
DA:1,1
DA:2,1
LF:2
LH:2
BRF:0
BRH:0
end_of_record
TN:
SF:src\shared\utils\is-zero-division\isZeroDivision.ts
FN:3,(anonymous_0)
FNF:1
FNH:1
FNDA:1,(anonymous_0)
DA:3,1
DA:8,1
LF:2
LH:2
BRDA:9,0,0,1
BRDA:9,0,1,0
BRDA:9,0,2,0
BRF:3
BRH:1
end_of_record
TN:
SF:src\store\slices\calculator\calculator.slice.ts
FN:24,(anonymous_0)
FN:55,(anonymous_1)
FNF:2
FNH:1
FNDA:1,(anonymous_0)
FNDA:0,(anonymous_1)
DA:9,1
DA:18,1
DA:20,1
DA:25,1
DA:26,1
DA:29,0
DA:30,1
DA:32,1
DA:36,1
DA:37,0
DA:38,0
DA:39,0
DA:40,0
DA:41,0
DA:43,1
DA:44,1
DA:45,1
DA:46,1
DA:47,1
DA:49,1
DA:52,0
DA:56,0
DA:57,0
DA:58,0
DA:59,0
DA:60,0
DA:61,0
DA:67,1
LF:28
LH:15
BRDA:26,0,0,0
BRDA:26,0,1,1
BRDA:26,1,0,1
BRDA:26,1,1,1
BRDA:30,2,0,1
BRDA:30,2,1,0
BRDA:30,3,0,1
BRDA:30,3,1,1
BRDA:36,4,0,0
BRDA:36,4,1,1
BRF:10
BRH:7
end_of_record
